{"meta": {"format": 3, "version": "7.13.2", "timestamp": "2026-01-25T17:54:49.008410", "branch_coverage": false, "show_contexts": false}, "files": {"main.py": {"executed_lines": [1, 2, 3, 4, 5, 6, 7, 8, 9, 10, 11, 12, 13, 14, 15, 16, 17, 20, 21, 22, 23, 25, 26, 27, 28, 33, 36, 37, 40, 43, 46, 80, 92, 93, 109, 112, 113, 115, 116, 119, 120, 123, 135, 137, 138, 141, 144, 157, 181, 190, 202, 204, 207, 208, 215, 222, 229, 236, 244, 252, 258, 259, 260, 267, 270, 274, 276, 291, 298, 306, 314, 322, 337, 348, 349, 351, 353, 354, 364, 365, 367, 376, 382, 384, 392, 393, 394, 404, 406, 407, 418, 421, 422, 429, 434, 436, 437, 450, 451, 452, 453, 456, 461, 463, 472, 474, 486, 488, 500, 512, 524, 534, 535, 545, 546, 552, 562, 568, 575, 576, 588, 594, 595, 608, 610, 611, 617, 618, 619, 620, 621, 622, 623, 624, 625, 628, 629, 631, 637, 638, 639, 641, 642, 643, 646, 647, 650, 651, 652, 653, 654, 655, 657, 658, 659, 662, 663, 668, 669, 670, 671, 672, 674, 681, 687, 688, 693, 700, 701, 713, 715, 716, 720, 721, 727, 728, 729, 731, 732, 733, 736, 737, 742, 744, 745, 754, 760, 761, 776, 778, 779, 786, 789, 790, 792, 797, 801, 802, 810, 820, 821, 933, 936, 938, 939, 943, 945, 946, 947, 948, 949, 950, 953, 964, 965, 968, 975, 985, 992, 1002, 1003, 1005, 1006, 1008, 1009, 1010, 1013, 1017, 1019, 1022, 1024, 1025, 1027, 1033, 1040, 1043, 1056, 1058, 1060, 1062, 1064, 1067, 1069, 1072, 1077, 1078, 1079, 1082, 1083, 1084, 1091, 1097, 1100, 1123, 1128, 1131, 1132, 1134, 1135, 1136, 1138, 1139, 1140, 1141, 1144, 1145, 1147, 1148, 1149, 1152, 1153, 1155, 1158, 1160, 1161, 1162, 1163, 1164, 1167, 1184, 1187, 1190, 1191, 1194, 1206, 1209, 1211, 1213, 1218, 1221, 1222, 1237, 1239, 1240, 1245, 1246, 1249, 1252, 1253, 1254, 1256, 1275, 1276, 1285, 1287, 1288, 1293, 1295, 1296, 1297, 1299, 1301, 1302, 1315, 1316, 1325, 1327, 1328, 1333, 1334, 1336, 1338, 1339, 1341, 1343, 1345, 1346, 1359, 1360, 1366, 1368, 1369, 1374, 1376, 1390, 1391, 1400, 1402, 1403, 1408, 1410, 1411, 1412, 1413, 1419, 1420, 1425, 1432, 1434, 1435, 1453, 1456, 1469, 1477, 1495, 1496, 1539, 1540, 1586, 1587, 1625, 1626, 1649, 1651, 1652, 1658, 1659, 1660, 1661, 1666, 1667, 1668, 1670, 1673, 1674, 1675, 1680, 1681, 1684, 1685, 1689, 1690, 1694, 1697, 1698, 1699, 1701, 1702, 1706, 1707, 1708, 1711, 1713, 1714, 1715, 1717, 1718, 1720, 1721, 1723, 1725, 1734, 1735, 1737, 1739, 1740, 1744, 1746, 1751, 1752, 1762, 1763, 1765, 1767, 1768, 1781, 1791, 1792, 1793, 1796, 1799, 1809, 1813, 1814, 1815, 1816, 1817, 1818, 1819, 1822, 1825, 1826, 1827, 1830, 1831, 1834, 1835, 1855, 1857, 1858, 1864, 1865, 1871, 1874, 1875, 1952, 1953, 1967, 1977, 1978, 2009, 2011, 2012, 2023, 2024, 2027, 2030, 2032, 2038, 2039, 2041, 2053, 2054, 2056, 2058, 2069, 2070, 2081, 2082, 2083, 2088, 2096, 2097, 2101, 2104, 2105, 2106, 2107, 2109, 2113, 2114, 2115, 2116, 2119, 2120, 2121, 2132, 2133, 2138, 2142, 2143, 2149, 2154, 2155, 2160, 2163, 2166, 2168, 2174, 2175, 2179, 2189, 2190, 2192, 2198, 2199, 2200, 2201, 2202, 2204, 2205, 2207, 2208, 2214, 2216, 2217, 2220, 2225, 2227, 2228, 2233, 2238, 2247, 2248, 2252, 2256, 2257, 2270, 2272, 2273, 2276, 2277, 2294, 2296, 2297, 2302, 2305, 2306, 2312, 2313, 2315, 2316, 2319, 2320, 2326, 2327, 2336, 2338, 2339, 2345, 2348, 2412, 2413, 2426, 2427, 2445, 2446, 2449, 2450, 2451, 2452, 2456, 2461, 2463, 2464, 2466, 2473, 2474, 2475, 2476, 2479, 2480, 2511, 2516, 2517, 2530, 2531, 2543, 2545, 2546, 2551, 2552, 2554, 2555, 2561, 2562, 2564, 2565, 2569, 2570, 2571, 2572, 2573, 2575, 2588, 2593, 2594, 2595, 2596, 2601, 2612, 2615, 2617, 2618, 2619, 2621, 2624, 2625, 2627, 2629, 2630, 2631, 2632, 2633, 2634, 2635, 2637, 2638, 2647, 2649, 2650, 2651, 2652, 2653, 2654, 2657, 2663, 2664, 2667, 2670, 2671, 2672, 2675, 2678, 2680, 2681, 2682, 2683, 2684, 2685, 2688, 2689, 2691, 2699, 2706, 2713, 2716, 2718, 2719, 2720, 2721, 2722, 2725, 2726, 2728, 2735, 2741, 2744, 2820, 2827, 2828, 2829, 2830, 2833, 2834, 2835, 2837, 2851, 2852, 2856, 2977, 2982, 2983, 2987, 2988, 2989, 2991, 2992, 2995, 2998, 3000, 3003, 3004, 3006, 3007, 3010, 3011, 3013, 3016, 3018, 3021, 3022, 3023, 3024, 3026, 3027, 3028, 3030, 3031, 3032, 3033, 3035, 3036, 3038, 3054, 3060, 3062, 3063, 3064, 3065, 3067, 3068, 3069, 3070, 3071, 3072, 3074, 3075, 3076, 3077, 3079, 3082, 3083, 3084, 3085, 3086, 3088, 3089, 3092, 3095, 3096, 3099, 3100, 3101, 3102, 3103, 3105, 3106, 3107, 3110, 3111, 3117, 3118, 3121, 3122, 3125, 3126, 3129, 3142, 3145, 3146, 3152, 3153, 3154, 3156, 3193, 3226, 3227, 3248, 3250, 3251, 3262, 3265, 3266, 3268, 3269, 3270, 3271, 3272, 3274, 3283, 3294, 3295, 3296, 3302, 3303, 3304, 3305, 3307, 3308, 3309, 3311, 3312, 3318, 3319, 3321, 3323, 3324, 3327, 3333, 3335, 3345, 3350, 3351, 3352, 3353, 3364, 3375, 3402, 3508, 3511, 3520, 3521, 3528, 3529, 3536, 3538, 3541, 3542, 3562, 3564, 3565, 3576, 3579, 3580, 3582, 3583, 3584, 3585, 3586, 3587, 3596, 3597, 3598, 3606, 3621, 3623, 3624, 3630, 3633, 3636, 3726, 3727, 3729, 3731, 3740, 3748, 3749, 3750, 3751, 3759, 3769, 3770, 3775, 3777, 3778, 3783, 3784, 3786, 3787, 3792, 3793, 3794, 3795, 3796, 3800, 3801, 3802, 3803, 3804, 3806, 3807, 3815, 3827, 3828, 3829, 3830, 3831, 3832, 3833, 3834, 3835, 3836, 3840, 3841, 3842, 3847, 3852, 3858, 3859, 3860, 3861, 3866, 3872, 3873, 3882, 3884, 3885, 3890, 3891, 3893, 3894, 3900, 3901, 3904, 3905, 3906, 3908, 3909, 3910, 3911, 3916, 3918, 3923, 3924, 3925, 3926, 3931, 3937, 3938, 3947, 3949, 3950, 3951, 3952, 3953, 3955, 3956, 3958, 3960, 3971, 3972, 3973, 3974, 3976, 3977, 3978, 3979, 3980, 3982, 3983, 3990, 3991, 3992, 3993, 3994, 3995, 3999, 4001, 4004, 4005, 4007, 4019, 4020, 4021, 4023, 4024, 4026, 4028, 4030, 4031, 4033, 4038, 4045, 4046, 4059, 4100, 4101, 4107, 4109, 4110, 4111, 4112, 4114, 4115, 4117, 4119, 4124, 4158, 4159, 4160, 4163, 4164, 4165, 4166, 4167, 4170, 4171, 4172, 4173, 4174, 4175, 4177, 4178, 4180, 4185, 4190, 4191, 4192, 4193, 4198], "summary": {"covered_lines": 991, "num_statements": 1506, "percent_covered": 65.80345285524568, "percent_covered_display": "66", "missing_lines": 515, "excluded_lines": 0, "percent_statements_covered": 65.80345285524568, "percent_statements_covered_display": "66"}, "missing_lines": [48, 50, 51, 52, 54, 55, 58, 67, 68, 70, 71, 72, 74, 75, 76, 77, 83, 84, 87, 88, 89, 96, 97, 99, 102, 103, 104, 105, 106, 158, 160, 163, 178, 216, 223, 230, 237, 238, 245, 261, 263, 264, 268, 279, 280, 281, 282, 286, 287, 288, 664, 665, 839, 841, 842, 853, 856, 857, 858, 860, 862, 863, 867, 875, 876, 877, 880, 881, 882, 883, 886, 887, 889, 890, 892, 894, 899, 910, 911, 919, 940, 955, 956, 957, 970, 971, 972, 977, 978, 979, 980, 981, 982, 987, 988, 989, 1014, 1085, 1086, 1087, 1088, 1089, 1092, 1093, 1094, 1095, 1096, 1102, 1103, 1104, 1107, 1108, 1109, 1110, 1111, 1112, 1113, 1114, 1116, 1117, 1118, 1119, 1120, 1150, 1151, 1263, 1264, 1269, 1303, 1304, 1309, 1347, 1348, 1353, 1378, 1379, 1384, 1436, 1437, 1442, 1459, 1460, 1461, 1463, 1464, 1465, 1466, 1471, 1472, 1473, 1474, 1479, 1481, 1482, 1484, 1485, 1486, 1489, 1490, 1492, 1502, 1504, 1505, 1510, 1511, 1514, 1515, 1521, 1523, 1525, 1526, 1527, 1528, 1533, 1549, 1551, 1552, 1557, 1558, 1561, 1562, 1568, 1570, 1572, 1573, 1574, 1575, 1580, 1597, 1599, 1600, 1605, 1607, 1613, 1614, 1619, 1686, 1691, 1692, 1769, 1770, 1775, 1801, 1802, 1803, 1804, 1805, 1806, 1808, 1810, 1881, 1884, 1886, 1892, 1893, 1895, 1896, 1902, 1903, 1904, 1906, 1907, 1908, 1909, 1910, 1912, 1913, 1919, 1922, 1923, 1924, 1926, 1932, 1934, 1935, 1940, 1945, 1954, 1955, 1960, 2122, 2126, 2127, 2128, 2129, 2139, 2140, 2193, 2203, 2218, 2258, 2259, 2264, 2328, 2330, 2331, 2332, 2337, 2344, 2349, 2350, 2351, 2357, 2358, 2360, 2361, 2366, 2367, 2368, 2369, 2370, 2371, 2372, 2373, 2375, 2376, 2382, 2384, 2385, 2386, 2388, 2393, 2395, 2396, 2401, 2406, 2414, 2415, 2420, 2467, 2477, 2482, 2485, 2486, 2487, 2489, 2492, 2493, 2494, 2496, 2497, 2503, 2506, 2518, 2519, 2524, 2566, 2622, 2641, 2642, 2643, 2644, 2755, 2756, 2757, 2758, 2759, 2761, 2762, 2764, 2765, 2766, 2767, 2770, 2771, 2774, 2775, 2776, 2777, 2778, 2779, 2780, 2781, 2782, 2785, 2786, 2788, 2789, 2790, 2791, 2792, 2793, 2794, 2795, 2796, 2797, 2800, 2801, 2808, 2809, 2810, 2812, 2814, 2859, 2860, 2861, 2862, 2863, 2864, 2865, 2866, 2867, 2869, 2882, 2883, 2888, 2891, 2892, 2893, 2894, 2897, 2898, 2900, 2901, 2902, 2903, 2904, 2905, 2906, 2907, 2908, 2911, 2912, 2913, 2919, 2922, 2923, 2924, 2929, 2933, 2936, 2937, 2939, 2940, 2942, 2944, 2946, 2947, 2948, 2950, 2951, 2952, 2953, 2954, 2956, 2958, 2959, 2964, 2969, 2974, 2984, 2996, 3001, 3019, 3087, 3112, 3113, 3114, 3115, 3130, 3131, 3148, 3149, 3157, 3165, 3166, 3168, 3169, 3175, 3178, 3179, 3180, 3181, 3182, 3183, 3184, 3185, 3186, 3188, 3189, 3190, 3191, 3284, 3285, 3291, 3317, 3325, 3409, 3410, 3411, 3414, 3415, 3417, 3418, 3419, 3420, 3421, 3423, 3424, 3425, 3426, 3427, 3428, 3430, 3431, 3432, 3433, 3435, 3447, 3453, 3454, 3455, 3462, 3463, 3465, 3467, 3468, 3469, 3470, 3471, 3472, 3473, 3475, 3476, 3477, 3478, 3486, 3530, 3531, 3532, 3533, 3534, 3535, 3607, 3608, 3613, 3614, 3615, 3616, 3617, 3619, 3620, 3797, 3811, 3812, 3837, 3838, 4047, 4048, 4053, 4062, 4065, 4094, 4095, 4097], "excluded_lines": [], "functions": {"check_for_updates_task": {"executed_lines": [], "summary": {"covered_lines": 0, "num_statements": 16, "percent_covered": 0.0, "percent_covered_display": "0", "missing_lines": 16, "excluded_lines": 0, "percent_statements_covered": 0.0, "percent_statements_covered_display": "0"}, "missing_lines": [48, 50, 51, 52, 54, 55, 58, 67, 68, 70, 71, 72, 74, 75, 76, 77], "excluded_lines": [], "start_line": 46}, "periodic_update_checker": {"executed_lines": [], "summary": {"covered_lines": 0, "num_statements": 5, "percent_covered": 0.0, "percent_covered_display": "0", "missing_lines": 5, "excluded_lines": 0, "percent_statements_covered": 0.0, "percent_statements_covered_display": "0"}, "missing_lines": [83, 84, 87, 88, 89], "excluded_lines": [], "start_line": 80}, "lifespan": {"executed_lines": [], "summary": {"covered_lines": 0, "num_statements": 8, "percent_covered": 0.0, "percent_covered_display": "0", "missing_lines": 8, "excluded_lines": 0, "percent_statements_covered": 0.0, "percent_statements_covered_display": "0"}, "missing_lines": [96, 97, 99, 102, 103, 104, 105, 106], "excluded_lines": [], "start_line": 93}, "log_requests": {"executed_lines": [115, 116, 119, 120, 123, 135, 137, 138, 141, 144, 157], "summary": {"covered_lines": 11, "num_statements": 15, "percent_covered": 73.33333333333333, "percent_covered_display": "73", "missing_lines": 4, "excluded_lines": 0, "percent_statements_covered": 73.33333333333333, "percent_statements_covered_display": "73"}, "missing_lines": [158, 160, 163, 178], "excluded_lines": [], "start_line": 113}, "parse_gemini_error": {"executed_lines": [202, 204, 207, 208, 215, 222, 229, 236, 244, 252, 258, 259, 260, 267, 270], "summary": {"covered_lines": 15, "num_statements": 25, "percent_covered": 60.0, "percent_covered_display": "60", "missing_lines": 10, "excluded_lines": 0, "percent_statements_covered": 60.0, "percent_statements_covered_display": "60"}, "missing_lines": [216, 223, 230, 237, 238, 245, 261, 263, 264, 268], "excluded_lines": [], "start_line": 190}, "get_vision_model": {"executed_lines": [], "summary": {"covered_lines": 0, "num_statements": 7, "percent_covered": 0.0, "percent_covered_display": "0", "missing_lines": 7, "excluded_lines": 0, "percent_statements_covered": 0.0, "percent_statements_covered_display": "0"}, "missing_lines": [279, 280, 281, 282, 286, 287, 288], "excluded_lines": [], "start_line": 276}, "analyze_coffee": {"executed_lines": [351, 353, 354, 364, 365, 367, 376, 382, 384, 392, 393, 394, 404], "summary": {"covered_lines": 13, "num_statements": 13, "percent_covered": 100.0, "percent_covered_display": "100", "missing_lines": 0, "excluded_lines": 0, "percent_statements_covered": 100.0, "percent_statements_covered_display": "100"}, "missing_lines": [], "excluded_lines": [], "start_line": 349}, "analyze_and_profile": {"executed_lines": [418, 421, 422, 429, 434, 436, 437, 450, 451, 452, 453, 456, 461, 463, 472, 474, 486, 488, 500, 512, 524, 534, 535, 545, 546, 552, 562, 568, 575, 576, 588], "summary": {"covered_lines": 31, "num_statements": 31, "percent_covered": 100.0, "percent_covered_display": "100", "missing_lines": 0, "excluded_lines": 0, "percent_statements_covered": 100.0, "percent_statements_covered_display": "100"}, "missing_lines": [], "excluded_lines": [], "start_line": 407}, "check_updates": {"executed_lines": [608, 610, 611, 617, 618, 619, 620, 621, 622, 623, 624, 625, 628, 629, 631, 637, 638, 639, 641, 642, 643, 646, 647, 650, 651, 652, 653, 654, 655, 657, 658, 659, 662, 663, 668, 669, 670, 671, 672, 674, 681, 687, 688, 693], "summary": {"covered_lines": 44, "num_statements": 46, "percent_covered": 95.65217391304348, "percent_covered_display": "96", "missing_lines": 2, "excluded_lines": 0, "percent_statements_covered": 95.65217391304348, "percent_statements_covered_display": "96"}, "missing_lines": [664, 665], "excluded_lines": [], "start_line": 595}, "get_status": {"executed_lines": [713, 715, 716, 720, 721, 727, 728, 729, 731, 732, 733, 736, 737, 742, 744, 745, 754], "summary": {"covered_lines": 17, "num_statements": 17, "percent_covered": 100.0, "percent_covered_display": "100", "missing_lines": 0, "excluded_lines": 0, "percent_statements_covered": 100.0, "percent_statements_covered_display": "100"}, "missing_lines": [], "excluded_lines": [], "start_line": 701}, "trigger_update": {"executed_lines": [776, 778, 779, 786, 789, 790, 792, 797, 801, 802, 810], "summary": {"covered_lines": 11, "num_statements": 11, "percent_covered": 100.0, "percent_covered_display": "100", "missing_lines": 0, "excluded_lines": 0, "percent_statements_covered": 100.0, "percent_statements_covered_display": "100"}, "missing_lines": [], "excluded_lines": [], "start_line": 761}, "get_logs": {"executed_lines": [], "summary": {"covered_lines": 0, "num_statements": 28, "percent_covered": 0.0, "percent_covered_display": "0", "missing_lines": 28, "excluded_lines": 0, "percent_statements_covered": 0.0, "percent_statements_covered_display": "0"}, "missing_lines": [839, 841, 842, 853, 856, 857, 858, 860, 862, 863, 867, 875, 876, 877, 880, 881, 882, 883, 886, 887, 889, 890, 892, 894, 899, 910, 911, 919], "excluded_lines": [], "start_line": 821}, "_ensure_history_file": {"executed_lines": [938, 939], "summary": {"covered_lines": 2, "num_statements": 3, "percent_covered": 66.66666666666667, "percent_covered_display": "67", "missing_lines": 1, "excluded_lines": 0, "percent_statements_covered": 66.66666666666667, "percent_statements_covered_display": "67"}, "missing_lines": [940], "excluded_lines": [], "start_line": 936}, "_load_history": {"executed_lines": [945, 946, 947, 948, 949, 950], "summary": {"covered_lines": 6, "num_statements": 6, "percent_covered": 100.0, "percent_covered_display": "100", "missing_lines": 0, "excluded_lines": 0, "percent_statements_covered": 100.0, "percent_statements_covered_display": "100"}, "missing_lines": [], "excluded_lines": [], "start_line": 943}, "_save_history": {"executed_lines": [], "summary": {"covered_lines": 0, "num_statements": 3, "percent_covered": 0.0, "percent_covered_display": "0", "missing_lines": 3, "excluded_lines": 0, "percent_statements_covered": 0.0, "percent_statements_covered_display": "0"}, "missing_lines": [955, 956, 957], "excluded_lines": [], "start_line": 953}, "_ensure_shot_cache_file": {"executed_lines": [], "summary": {"covered_lines": 0, "num_statements": 3, "percent_covered": 0.0, "percent_covered_display": "0", "missing_lines": 3, "excluded_lines": 0, "percent_statements_covered": 0.0, "percent_statements_covered_display": "0"}, "missing_lines": [970, 971, 972], "excluded_lines": [], "start_line": 968}, "_load_shot_cache": {"executed_lines": [], "summary": {"covered_lines": 0, "num_statements": 6, "percent_covered": 0.0, "percent_covered_display": "0", "missing_lines": 6, "excluded_lines": 0, "percent_statements_covered": 0.0, "percent_statements_covered_display": "0"}, "missing_lines": [977, 978, 979, 980, 981, 982], "excluded_lines": [], "start_line": 975}, "_save_shot_cache": {"executed_lines": [], "summary": {"covered_lines": 0, "num_statements": 3, "percent_covered": 0.0, "percent_covered_display": "0", "missing_lines": 3, "excluded_lines": 0, "percent_statements_covered": 0.0, "percent_statements_covered_display": "0"}, "missing_lines": [987, 988, 989], "excluded_lines": [], "start_line": 985}, "_get_cached_shots": {"executed_lines": [1002, 1003, 1005, 1006, 1008, 1009, 1010, 1013, 1017, 1019], "summary": {"covered_lines": 10, "num_statements": 11, "percent_covered": 90.9090909090909, "percent_covered_display": "91", "missing_lines": 1, "excluded_lines": 0, "percent_statements_covered": 90.9090909090909, "percent_statements_covered_display": "91"}, "missing_lines": [1014], "excluded_lines": [], "start_line": 992}, "_set_cached_shots": {"executed_lines": [1024, 1025, 1027, 1033], "summary": {"covered_lines": 4, "num_statements": 4, "percent_covered": 100.0, "percent_covered_display": "100", "missing_lines": 0, "excluded_lines": 0, "percent_statements_covered": 100.0, "percent_statements_covered_display": "100"}, "missing_lines": [], "excluded_lines": [], "start_line": 1022}, "_sanitize_profile_name_for_filename": {"executed_lines": [1056, 1058, 1060, 1062, 1064], "summary": {"covered_lines": 5, "num_statements": 5, "percent_covered": 100.0, "percent_covered_display": "100", "missing_lines": 0, "excluded_lines": 0, "percent_statements_covered": 100.0, "percent_statements_covered_display": "100"}, "missing_lines": [], "excluded_lines": [], "start_line": 1043}, "_ensure_image_cache_dir": {"executed_lines": [1069], "summary": {"covered_lines": 1, "num_statements": 1, "percent_covered": 100.0, "percent_covered_display": "100", "missing_lines": 0, "excluded_lines": 0, "percent_statements_covered": 100.0, "percent_statements_covered_display": "100"}, "missing_lines": [], "excluded_lines": [], "start_line": 1067}, "_get_cached_image": {"executed_lines": [1077, 1078, 1079, 1082, 1083, 1084, 1091, 1097], "summary": {"covered_lines": 8, "num_statements": 18, "percent_covered": 44.44444444444444, "percent_covered_display": "44", "missing_lines": 10, "excluded_lines": 0, "percent_statements_covered": 44.44444444444444, "percent_statements_covered_display": "44"}, "missing_lines": [1085, 1086, 1087, 1088, 1089, 1092, 1093, 1094, 1095, 1096], "excluded_lines": [], "start_line": 1072}, "_set_cached_image": {"executed_lines": [], "summary": {"covered_lines": 0, "num_statements": 16, "percent_covered": 0.0, "percent_covered_display": "0", "missing_lines": 16, "excluded_lines": 0, "percent_statements_covered": 0.0, "percent_statements_covered_display": "0"}, "missing_lines": [1102, 1103, 1104, 1107, 1108, 1109, 1110, 1111, 1112, 1113, 1114, 1116, 1117, 1118, 1119, 1120], "excluded_lines": [], "start_line": 1100}, "_extract_profile_json": {"executed_lines": [1128, 1131, 1132, 1134, 1135, 1136, 1138, 1139, 1140, 1141, 1144, 1145, 1147, 1148, 1149, 1152, 1153, 1155], "summary": {"covered_lines": 18, "num_statements": 20, "percent_covered": 90.0, "percent_covered_display": "90", "missing_lines": 2, "excluded_lines": 0, "percent_statements_covered": 90.0, "percent_statements_covered_display": "90"}, "missing_lines": [1150, 1151], "excluded_lines": [], "start_line": 1123}, "_extract_profile_name": {"executed_lines": [1160, 1161, 1162, 1163, 1164], "summary": {"covered_lines": 5, "num_statements": 5, "percent_covered": 100.0, "percent_covered_display": "100", "missing_lines": 0, "excluded_lines": 0, "percent_statements_covered": 100.0, "percent_statements_covered_display": "100"}, "missing_lines": [], "excluded_lines": [], "start_line": 1158}, "save_to_history": {"executed_lines": [1184, 1187, 1190, 1191, 1194, 1206, 1209, 1211, 1213, 1218], "summary": {"covered_lines": 10, "num_statements": 10, "percent_covered": 100.0, "percent_covered_display": "100", "missing_lines": 0, "excluded_lines": 0, "percent_statements_covered": 100.0, "percent_statements_covered_display": "100"}, "missing_lines": [], "excluded_lines": [], "start_line": 1167}, "get_history": {"executed_lines": [1237, 1239, 1240, 1245, 1246, 1249, 1252, 1253, 1254, 1256], "summary": {"covered_lines": 10, "num_statements": 13, "percent_covered": 76.92307692307692, "percent_covered_display": "77", "missing_lines": 3, "excluded_lines": 0, "percent_statements_covered": 76.92307692307692, "percent_statements_covered_display": "77"}, "missing_lines": [1263, 1264, 1269], "excluded_lines": [], "start_line": 1222}, "get_history_entry": {"executed_lines": [1285, 1287, 1288, 1293, 1295, 1296, 1297, 1299, 1301, 1302], "summary": {"covered_lines": 10, "num_statements": 13, "percent_covered": 76.92307692307692, "percent_covered_display": "77", "missing_lines": 3, "excluded_lines": 0, "percent_statements_covered": 76.92307692307692, "percent_statements_covered_display": "77"}, "missing_lines": [1303, 1304, 1309], "excluded_lines": [], "start_line": 1276}, "delete_history_entry": {"executed_lines": [1325, 1327, 1328, 1333, 1334, 1336, 1338, 1339, 1341, 1343, 1345, 1346], "summary": {"covered_lines": 12, "num_statements": 15, "percent_covered": 80.0, "percent_covered_display": "80", "missing_lines": 3, "excluded_lines": 0, "percent_statements_covered": 80.0, "percent_statements_covered_display": "80"}, "missing_lines": [1347, 1348, 1353], "excluded_lines": [], "start_line": 1316}, "clear_history": {"executed_lines": [1366, 1368, 1369, 1374, 1376], "summary": {"covered_lines": 5, "num_statements": 8, "percent_covered": 62.5, "percent_covered_display": "62", "missing_lines": 3, "excluded_lines": 0, "percent_statements_covered": 62.5, "percent_statements_covered_display": "62"}, "missing_lines": [1378, 1379, 1384], "excluded_lines": [], "start_line": 1360}, "get_profile_json": {"executed_lines": [1400, 1402, 1403, 1408, 1410, 1411, 1412, 1413, 1419, 1420, 1425, 1432, 1434, 1435], "summary": {"covered_lines": 14, "num_statements": 17, "percent_covered": 82.3529411764706, "percent_covered_display": "82", "missing_lines": 3, "excluded_lines": 0, "percent_statements_covered": 82.3529411764706, "percent_statements_covered_display": "82"}, "missing_lines": [1436, 1437, 1442], "excluded_lines": [], "start_line": 1391}, "get_meticulous_api": {"executed_lines": [], "summary": {"covered_lines": 0, "num_statements": 7, "percent_covered": 0.0, "percent_covered_display": "0", "missing_lines": 7, "excluded_lines": 0, "percent_statements_covered": 0.0, "percent_statements_covered_display": "0"}, "missing_lines": [1459, 1460, 1461, 1463, 1464, 1465, 1466], "excluded_lines": [], "start_line": 1456}, "decompress_shot_data": {"executed_lines": [], "summary": {"covered_lines": 0, "num_statements": 4, "percent_covered": 0.0, "percent_covered_display": "0", "missing_lines": 4, "excluded_lines": 0, "percent_statements_covered": 0.0, "percent_statements_covered_display": "0"}, "missing_lines": [1471, 1472, 1473, 1474], "excluded_lines": [], "start_line": 1469}, "fetch_shot_data": {"executed_lines": [], "summary": {"covered_lines": 0, "num_statements": 9, "percent_covered": 0.0, "percent_covered_display": "0", "missing_lines": 9, "excluded_lines": 0, "percent_statements_covered": 0.0, "percent_statements_covered_display": "0"}, "missing_lines": [1479, 1481, 1482, 1484, 1485, 1486, 1489, 1490, 1492], "excluded_lines": [], "start_line": 1477}, "get_shot_dates": {"executed_lines": [], "summary": {"covered_lines": 0, "num_statements": 14, "percent_covered": 0.0, "percent_covered_display": "0", "missing_lines": 14, "excluded_lines": 0, "percent_statements_covered": 0.0, "percent_statements_covered_display": "0"}, "missing_lines": [1502, 1504, 1505, 1510, 1511, 1514, 1515, 1521, 1523, 1525, 1526, 1527, 1528, 1533], "excluded_lines": [], "start_line": 1496}, "get_shot_files": {"executed_lines": [], "summary": {"covered_lines": 0, "num_statements": 14, "percent_covered": 0.0, "percent_covered_display": "0", "missing_lines": 14, "excluded_lines": 0, "percent_statements_covered": 0.0, "percent_statements_covered_display": "0"}, "missing_lines": [1549, 1551, 1552, 1557, 1558, 1561, 1562, 1568, 1570, 1572, 1573, 1574, 1575, 1580], "excluded_lines": [], "start_line": 1540}, "get_shot_data": {"executed_lines": [], "summary": {"covered_lines": 0, "num_statements": 8, "percent_covered": 0.0, "percent_covered_display": "0", "missing_lines": 8, "excluded_lines": 0, "percent_statements_covered": 0.0, "percent_statements_covered_display": "0"}, "missing_lines": [1597, 1599, 1600, 1605, 1607, 1613, 1614, 1619], "excluded_lines": [], "start_line": 1587}, "get_shots_by_profile": {"executed_lines": [1649, 1651, 1652, 1658, 1659, 1660, 1661, 1666, 1667, 1668, 1670, 1673, 1674, 1675, 1680, 1681, 1684, 1685, 1689, 1690, 1694, 1697, 1698, 1699, 1701, 1702, 1706, 1707, 1708, 1711, 1713, 1714, 1715, 1717, 1718, 1720, 1721, 1723, 1725, 1734, 1735, 1737, 1739, 1740, 1744, 1746, 1751, 1752, 1762, 1763, 1765, 1767, 1768], "summary": {"covered_lines": 53, "num_statements": 59, "percent_covered": 89.83050847457628, "percent_covered_display": "90", "missing_lines": 6, "excluded_lines": 0, "percent_statements_covered": 89.83050847457628, "percent_statements_covered_display": "90"}, "missing_lines": [1686, 1691, 1692, 1769, 1770, 1775], "excluded_lines": [], "start_line": 1626}, "process_image_for_profile": {"executed_lines": [1791, 1792, 1793, 1796, 1799, 1809, 1813, 1814, 1815, 1816, 1817, 1818, 1819, 1822, 1825, 1826, 1827, 1830, 1831], "summary": {"covered_lines": 19, "num_statements": 27, "percent_covered": 70.37037037037037, "percent_covered_display": "70", "missing_lines": 8, "excluded_lines": 0, "percent_statements_covered": 70.37037037037037, "percent_statements_covered_display": "70"}, "missing_lines": [1801, 1802, 1803, 1804, 1805, 1806, 1808, 1810], "excluded_lines": [], "start_line": 1781}, "upload_profile_image": {"executed_lines": [1855, 1857, 1858, 1864, 1865, 1871, 1874, 1875, 1952, 1953], "summary": {"covered_lines": 10, "num_statements": 40, "percent_covered": 25.0, "percent_covered_display": "25", "missing_lines": 30, "excluded_lines": 0, "percent_statements_covered": 25.0, "percent_statements_covered_display": "25"}, "missing_lines": [1881, 1884, 1886, 1892, 1893, 1895, 1896, 1902, 1903, 1904, 1906, 1907, 1908, 1909, 1910, 1912, 1913, 1919, 1922, 1923, 1924, 1926, 1932, 1934, 1935, 1940, 1945, 1954, 1955, 1960], "excluded_lines": [], "start_line": 1835}, "generate_profile_image": {"executed_lines": [2009, 2011, 2012, 2023, 2024, 2027, 2030, 2032, 2038, 2039, 2041, 2053, 2054, 2056, 2058, 2069, 2070, 2081, 2082, 2083, 2088, 2096, 2097, 2101, 2104, 2105, 2106, 2107, 2109, 2113, 2114, 2115, 2116, 2119, 2120, 2121, 2132, 2133, 2138, 2142, 2143, 2149, 2154, 2155, 2160, 2163, 2166, 2168, 2174, 2175, 2179, 2189, 2190, 2192, 2198, 2199, 2200, 2201, 2202, 2204, 2205, 2207, 2208, 2214, 2216, 2217, 2220, 2225, 2227, 2228, 2233, 2238, 2247, 2248, 2252, 2256, 2257], "summary": {"covered_lines": 77, "num_statements": 90, "percent_covered": 85.55555555555556, "percent_covered_display": "86", "missing_lines": 13, "excluded_lines": 0, "percent_statements_covered": 85.55555555555556, "percent_statements_covered_display": "86"}, "missing_lines": [2122, 2126, 2127, 2128, 2129, 2139, 2140, 2193, 2203, 2218, 2258, 2259, 2264], "excluded_lines": [], "start_line": 1978}, "apply_profile_image": {"executed_lines": [2294, 2296, 2297, 2302, 2305, 2306, 2312, 2313, 2315, 2316, 2319, 2320, 2326, 2327, 2336, 2338, 2339, 2345, 2348, 2412, 2413], "summary": {"covered_lines": 21, "num_statements": 57, "percent_covered": 36.8421052631579, "percent_covered_display": "37", "missing_lines": 36, "excluded_lines": 0, "percent_statements_covered": 36.8421052631579, "percent_statements_covered_display": "37"}, "missing_lines": [2328, 2330, 2331, 2332, 2337, 2344, 2349, 2350, 2351, 2357, 2358, 2360, 2361, 2366, 2367, 2368, 2369, 2370, 2371, 2372, 2373, 2375, 2376, 2382, 2384, 2385, 2386, 2388, 2393, 2395, 2396, 2401, 2406, 2414, 2415, 2420], "excluded_lines": [], "start_line": 2277}, "proxy_profile_image": {"executed_lines": [2445, 2446, 2449, 2450, 2451, 2452, 2456, 2461, 2463, 2464, 2466, 2473, 2474, 2475, 2476, 2479, 2480, 2511, 2516, 2517], "summary": {"covered_lines": 20, "num_statements": 37, "percent_covered": 54.054054054054056, "percent_covered_display": "54", "missing_lines": 17, "excluded_lines": 0, "percent_statements_covered": 54.054054054054056, "percent_statements_covered_display": "54"}, "missing_lines": [2467, 2477, 2482, 2485, 2486, 2487, 2489, 2492, 2493, 2494, 2496, 2497, 2503, 2506, 2518, 2519, 2524], "excluded_lines": [], "start_line": 2427}, "get_profile_info": {"executed_lines": [2543, 2545, 2546, 2551, 2552, 2554, 2555, 2561, 2562, 2564, 2565, 2569, 2570, 2571, 2572, 2573, 2575, 2588, 2593, 2594, 2595, 2596, 2601], "summary": {"covered_lines": 23, "num_statements": 24, "percent_covered": 95.83333333333333, "percent_covered_display": "96", "missing_lines": 1, "excluded_lines": 0, "percent_statements_covered": 95.83333333333333, "percent_statements_covered_display": "96"}, "missing_lines": [2566], "excluded_lines": [], "start_line": 2531}, "_format_dynamics_description": {"executed_lines": [2617, 2618, 2619, 2621, 2624, 2625, 2627, 2629, 2630, 2631, 2632, 2633, 2634, 2635, 2637, 2638], "summary": {"covered_lines": 16, "num_statements": 21, "percent_covered": 76.19047619047619, "percent_covered_display": "76", "missing_lines": 5, "excluded_lines": 0, "percent_statements_covered": 76.19047619047619, "percent_statements_covered_display": "76"}, "missing_lines": [2622, 2641, 2642, 2643, 2644], "excluded_lines": [], "start_line": 2615}, "_safe_float": {"executed_lines": [2649, 2650, 2651, 2652, 2653, 2654], "summary": {"covered_lines": 6, "num_statements": 6, "percent_covered": 100.0, "percent_covered_display": "100", "missing_lines": 0, "excluded_lines": 0, "percent_statements_covered": 100.0, "percent_statements_covered_display": "100"}, "missing_lines": [], "excluded_lines": [], "start_line": 2647}, "_resolve_variable": {"executed_lines": [2663, 2664, 2667, 2670, 2671, 2672, 2675], "summary": {"covered_lines": 7, "num_statements": 7, "percent_covered": 100.0, "percent_covered_display": "100", "missing_lines": 0, "excluded_lines": 0, "percent_statements_covered": 100.0, "percent_statements_covered_display": "100"}, "missing_lines": [], "excluded_lines": [], "start_line": 2657}, "_format_exit_triggers": {"executed_lines": [2680, 2681, 2682, 2683, 2684, 2685, 2688, 2689, 2691, 2699, 2706, 2713], "summary": {"covered_lines": 12, "num_statements": 12, "percent_covered": 100.0, "percent_covered_display": "100", "missing_lines": 0, "excluded_lines": 0, "percent_statements_covered": 100.0, "percent_statements_covered_display": "100"}, "missing_lines": [], "excluded_lines": [], "start_line": 2678}, "_format_limits": {"executed_lines": [2718, 2719, 2720, 2721, 2722, 2725, 2726, 2728, 2735, 2741], "summary": {"covered_lines": 10, "num_statements": 10, "percent_covered": 100.0, "percent_covered_display": "100", "missing_lines": 0, "excluded_lines": 0, "percent_statements_covered": 100.0, "percent_statements_covered_display": "100"}, "missing_lines": [], "excluded_lines": [], "start_line": 2716}, "_determine_exit_trigger_hit": {"executed_lines": [], "summary": {"covered_lines": 0, "num_statements": 41, "percent_covered": 0.0, "percent_covered_display": "0", "missing_lines": 41, "excluded_lines": 0, "percent_statements_covered": 0.0, "percent_statements_covered_display": "0"}, "missing_lines": [2755, 2756, 2757, 2758, 2759, 2761, 2762, 2764, 2765, 2766, 2767, 2770, 2771, 2774, 2775, 2776, 2777, 2778, 2779, 2780, 2781, 2782, 2785, 2786, 2788, 2789, 2790, 2791, 2792, 2793, 2794, 2795, 2796, 2797, 2800, 2801, 2808, 2809, 2810, 2812, 2814], "excluded_lines": [], "start_line": 2744}, "_analyze_stage_execution": {"executed_lines": [2827, 2828, 2829, 2830, 2833, 2834, 2835, 2837, 2851, 2852, 2856], "summary": {"covered_lines": 11, "num_statements": 68, "percent_covered": 16.176470588235293, "percent_covered_display": "16", "missing_lines": 57, "excluded_lines": 0, "percent_statements_covered": 16.176470588235293, "percent_statements_covered_display": "16"}, "missing_lines": [2859, 2860, 2861, 2862, 2863, 2864, 2865, 2866, 2867, 2869, 2882, 2883, 2888, 2891, 2892, 2893, 2894, 2897, 2898, 2900, 2901, 2902, 2903, 2904, 2905, 2906, 2907, 2908, 2911, 2912, 2913, 2919, 2922, 2923, 2924, 2929, 2933, 2936, 2937, 2939, 2940, 2942, 2944, 2946, 2947, 2948, 2950, 2951, 2952, 2953, 2954, 2956, 2958, 2959, 2964, 2969, 2974], "excluded_lines": [], "start_line": 2820}, "_extract_shot_stage_data": {"executed_lines": [2982, 2983, 2987, 2988, 2989, 2991, 2992, 2995, 2998, 3000, 3003, 3004, 3006, 3007, 3010, 3011, 3013], "summary": {"covered_lines": 17, "num_statements": 20, "percent_covered": 85.0, "percent_covered_display": "85", "missing_lines": 3, "excluded_lines": 0, "percent_statements_covered": 85.0, "percent_statements_covered_display": "85"}, "missing_lines": [2984, 2996, 3001], "excluded_lines": [], "start_line": 2977}, "_compute_stage_stats": {"executed_lines": [3018, 3021, 3022, 3023, 3024, 3026, 3027, 3028, 3030, 3031, 3032, 3033, 3035, 3036, 3038], "summary": {"covered_lines": 15, "num_statements": 16, "percent_covered": 93.75, "percent_covered_display": "94", "missing_lines": 1, "excluded_lines": 0, "percent_statements_covered": 93.75, "percent_statements_covered_display": "94"}, "missing_lines": [3019], "excluded_lines": [], "start_line": 3016}, "_perform_local_shot_analysis": {"executed_lines": [3060, 3062, 3063, 3064, 3065, 3067, 3068, 3069, 3070, 3071, 3072, 3074, 3075, 3076, 3077, 3079, 3082, 3083, 3084, 3085, 3086, 3088, 3089, 3092, 3095, 3096, 3099, 3100, 3101, 3102, 3103, 3105, 3106, 3107, 3110, 3111, 3117, 3118, 3121, 3122, 3125, 3126, 3129, 3142, 3145, 3146, 3152, 3153, 3154, 3156, 3193], "summary": {"covered_lines": 51, "num_statements": 79, "percent_covered": 64.55696202531645, "percent_covered_display": "65", "missing_lines": 28, "excluded_lines": 0, "percent_statements_covered": 64.55696202531645, "percent_statements_covered_display": "65"}, "missing_lines": [3087, 3112, 3113, 3114, 3115, 3130, 3131, 3148, 3149, 3157, 3165, 3166, 3168, 3169, 3175, 3178, 3179, 3180, 3181, 3182, 3183, 3184, 3185, 3186, 3188, 3189, 3190, 3191], "excluded_lines": [], "start_line": 3054}, "analyze_shot": {"executed_lines": [3248, 3250, 3251, 3262, 3265, 3266, 3268, 3269, 3270, 3271, 3272, 3274, 3283, 3294, 3295, 3296, 3302, 3303, 3304, 3305, 3307, 3308, 3309, 3311, 3312, 3318, 3319, 3321, 3323, 3324, 3327, 3333, 3335, 3345, 3350, 3351, 3352, 3353, 3364], "summary": {"covered_lines": 39, "num_statements": 44, "percent_covered": 88.63636363636364, "percent_covered_display": "89", "missing_lines": 5, "excluded_lines": 0, "percent_statements_covered": 88.63636363636364, "percent_statements_covered_display": "89"}, "missing_lines": [3284, 3285, 3291, 3317, 3325], "excluded_lines": [], "start_line": 3227}, "_prepare_shot_summary_for_llm": {"executed_lines": [], "summary": {"covered_lines": 0, "num_statements": 40, "percent_covered": 0.0, "percent_covered_display": "0", "missing_lines": 40, "excluded_lines": 0, "percent_statements_covered": 0.0, "percent_statements_covered_display": "0"}, "missing_lines": [3409, 3410, 3411, 3414, 3415, 3417, 3418, 3419, 3420, 3421, 3423, 3424, 3425, 3426, 3427, 3428, 3430, 3431, 3432, 3433, 3435, 3447, 3453, 3454, 3455, 3462, 3463, 3465, 3467, 3468, 3469, 3470, 3471, 3472, 3473, 3475, 3476, 3477, 3478, 3486], "excluded_lines": [], "start_line": 3402}, "_prepare_profile_for_llm": {"executed_lines": [3511, 3520, 3521, 3528, 3529, 3536, 3538], "summary": {"covered_lines": 7, "num_statements": 13, "percent_covered": 53.84615384615385, "percent_covered_display": "54", "missing_lines": 6, "excluded_lines": 0, "percent_statements_covered": 53.84615384615385, "percent_statements_covered_display": "54"}, "missing_lines": [3530, 3531, 3532, 3533, 3534, 3535], "excluded_lines": [], "start_line": 3508}, "analyze_shot_with_llm": {"executed_lines": [3562, 3564, 3565, 3576, 3579, 3580, 3582, 3583, 3584, 3585, 3586, 3587, 3596, 3597, 3598, 3606, 3621, 3623, 3624, 3630, 3633, 3636, 3726, 3727, 3729, 3731, 3740, 3748, 3749, 3750, 3751, 3759], "summary": {"covered_lines": 32, "num_statements": 41, "percent_covered": 78.04878048780488, "percent_covered_display": "78", "missing_lines": 9, "excluded_lines": 0, "percent_statements_covered": 78.04878048780488, "percent_statements_covered_display": "78"}, "missing_lines": [3607, 3608, 3613, 3614, 3615, 3616, 3617, 3619, 3620], "excluded_lines": [], "start_line": 3542}, "list_machine_profiles": {"executed_lines": [3775, 3777, 3778, 3783, 3784, 3786, 3787, 3792, 3793, 3794, 3795, 3796, 3800, 3801, 3802, 3803, 3804, 3806, 3807, 3815, 3827, 3828, 3829, 3830, 3831, 3832, 3833, 3834, 3835, 3836, 3840, 3841, 3842, 3847, 3852, 3858, 3859, 3860, 3861, 3866], "summary": {"covered_lines": 40, "num_statements": 45, "percent_covered": 88.88888888888889, "percent_covered_display": "89", "missing_lines": 5, "excluded_lines": 0, "percent_statements_covered": 88.88888888888889, "percent_statements_covered_display": "89"}, "missing_lines": [3797, 3811, 3812, 3837, 3838], "excluded_lines": [], "start_line": 3770}, "get_machine_profile_json": {"executed_lines": [3882, 3884, 3885, 3890, 3891, 3893, 3894, 3900, 3901, 3904, 3905, 3906, 3908, 3909, 3910, 3911, 3916, 3918, 3923, 3924, 3925, 3926, 3931], "summary": {"covered_lines": 23, "num_statements": 23, "percent_covered": 100.0, "percent_covered_display": "100", "missing_lines": 0, "excluded_lines": 0, "percent_statements_covered": 100.0, "percent_statements_covered_display": "100"}, "missing_lines": [], "excluded_lines": [], "start_line": 3873}, "import_profile": {"executed_lines": [3947, 3949, 3950, 3951, 3952, 3953, 3955, 3956, 3958, 3960, 3971, 3972, 3973, 3974, 3976, 3977, 3978, 3979, 3980, 3982, 3983, 3990, 3991, 3992, 3993, 3994, 3995, 3999, 4001, 4004, 4005, 4007, 4019, 4020, 4021, 4023, 4024, 4026, 4028, 4030, 4031, 4033, 4038, 4045, 4046], "summary": {"covered_lines": 45, "num_statements": 48, "percent_covered": 93.75, "percent_covered_display": "94", "missing_lines": 3, "excluded_lines": 0, "percent_statements_covered": 93.75, "percent_statements_covered_display": "94"}, "missing_lines": [4047, 4048, 4053], "excluded_lines": [], "start_line": 3938}, "_generate_profile_description": {"executed_lines": [], "summary": {"covered_lines": 0, "num_statements": 5, "percent_covered": 0.0, "percent_covered_display": "0", "missing_lines": 5, "excluded_lines": 0, "percent_statements_covered": 0.0, "percent_statements_covered_display": "0"}, "missing_lines": [4062, 4065, 4094, 4095, 4097], "excluded_lines": [], "start_line": 4059}, "convert_profile_description": {"executed_lines": [4107, 4109, 4110, 4111, 4112, 4114, 4115, 4117, 4119, 4124, 4158, 4159, 4160, 4163, 4164, 4165, 4166, 4167, 4170, 4171, 4172, 4173, 4174, 4175, 4177, 4178, 4180, 4185, 4190, 4191, 4192, 4193, 4198], "summary": {"covered_lines": 33, "num_statements": 33, "percent_covered": 100.0, "percent_covered_display": "100", "missing_lines": 0, "excluded_lines": 0, "percent_statements_covered": 100.0, "percent_statements_covered_display": "100"}, "missing_lines": [], "excluded_lines": [], "start_line": 4101}, "": {"executed_lines": [1, 2, 3, 4, 5, 6, 7, 8, 9, 10, 11, 12, 13, 14, 15, 16, 17, 20, 21, 22, 23, 25, 26, 27, 28, 33, 36, 37, 40, 43, 46, 80, 92, 93, 109, 112, 113, 181, 190, 274, 276, 291, 298, 306, 314, 322, 337, 348, 349, 406, 407, 594, 595, 700, 701, 760, 761, 820, 821, 933, 936, 943, 953, 964, 965, 968, 975, 985, 992, 1022, 1040, 1043, 1067, 1072, 1100, 1123, 1158, 1167, 1221, 1222, 1275, 1276, 1315, 1316, 1359, 1360, 1390, 1391, 1453, 1456, 1469, 1477, 1495, 1496, 1539, 1540, 1586, 1587, 1625, 1626, 1781, 1834, 1835, 1967, 1977, 1978, 2270, 2272, 2273, 2276, 2277, 2426, 2427, 2530, 2531, 2612, 2615, 2647, 2657, 2678, 2716, 2744, 2820, 2977, 3016, 3054, 3226, 3227, 3375, 3402, 3508, 3541, 3542, 3769, 3770, 3872, 3873, 3937, 3938, 4059, 4100, 4101], "summary": {"covered_lines": 142, "num_statements": 142, "percent_covered": 100.0, "percent_covered_display": "100", "missing_lines": 0, "excluded_lines": 0, "percent_statements_covered": 100.0, "percent_statements_covered_display": "100"}, "missing_lines": [], "excluded_lines": [], "start_line": 1}}, "classes": {"ApplyImageRequest": {"executed_lines": [], "summary": {"covered_lines": 0, "num_statements": 0, "percent_covered": 100.0, "percent_covered_display": "100", "missing_lines": 0, "excluded_lines": 0, "percent_statements_covered": 100.0, "percent_statements_covered_display": "100"}, "missing_lines": [], "excluded_lines": [], "start_line": 2272}, "": {"executed_lines": [1, 2, 3, 4, 5, 6, 7, 8, 9, 10, 11, 12, 13, 14, 15, 16, 17, 20, 21, 22, 23, 25, 26, 27, 28, 33, 36, 37, 40, 43, 46, 80, 92, 93, 109, 112, 113, 115, 116, 119, 120, 123, 135, 137, 138, 141, 144, 157, 181, 190, 202, 204, 207, 208, 215, 222, 229, 236, 244, 252, 258, 259, 260, 267, 270, 274, 276, 291, 298, 306, 314, 322, 337, 348, 349, 351, 353, 354, 364, 365, 367, 376, 382, 384, 392, 393, 394, 404, 406, 407, 418, 421, 422, 429, 434, 436, 437, 450, 451, 452, 453, 456, 461, 463, 472, 474, 486, 488, 500, 512, 524, 534, 535, 545, 546, 552, 562, 568, 575, 576, 588, 594, 595, 608, 610, 611, 617, 618, 619, 620, 621, 622, 623, 624, 625, 628, 629, 631, 637, 638, 639, 641, 642, 643, 646, 647, 650, 651, 652, 653, 654, 655, 657, 658, 659, 662, 663, 668, 669, 670, 671, 672, 674, 681, 687, 688, 693, 700, 701, 713, 715, 716, 720, 721, 727, 728, 729, 731, 732, 733, 736, 737, 742, 744, 745, 754, 760, 761, 776, 778, 779, 786, 789, 790, 792, 797, 801, 802, 810, 820, 821, 933, 936, 938, 939, 943, 945, 946, 947, 948, 949, 950, 953, 964, 965, 968, 975, 985, 992, 1002, 1003, 1005, 1006, 1008, 1009, 1010, 1013, 1017, 1019, 1022, 1024, 1025, 1027, 1033, 1040, 1043, 1056, 1058, 1060, 1062, 1064, 1067, 1069, 1072, 1077, 1078, 1079, 1082, 1083, 1084, 1091, 1097, 1100, 1123, 1128, 1131, 1132, 1134, 1135, 1136, 1138, 1139, 1140, 1141, 1144, 1145, 1147, 1148, 1149, 1152, 1153, 1155, 1158, 1160, 1161, 1162, 1163, 1164, 1167, 1184, 1187, 1190, 1191, 1194, 1206, 1209, 1211, 1213, 1218, 1221, 1222, 1237, 1239, 1240, 1245, 1246, 1249, 1252, 1253, 1254, 1256, 1275, 1276, 1285, 1287, 1288, 1293, 1295, 1296, 1297, 1299, 1301, 1302, 1315, 1316, 1325, 1327, 1328, 1333, 1334, 1336, 1338, 1339, 1341, 1343, 1345, 1346, 1359, 1360, 1366, 1368, 1369, 1374, 1376, 1390, 1391, 1400, 1402, 1403, 1408, 1410, 1411, 1412, 1413, 1419, 1420, 1425, 1432, 1434, 1435, 1453, 1456, 1469, 1477, 1495, 1496, 1539, 1540, 1586, 1587, 1625, 1626, 1649, 1651, 1652, 1658, 1659, 1660, 1661, 1666, 1667, 1668, 1670, 1673, 1674, 1675, 1680, 1681, 1684, 1685, 1689, 1690, 1694, 1697, 1698, 1699, 1701, 1702, 1706, 1707, 1708, 1711, 1713, 1714, 1715, 1717, 1718, 1720, 1721, 1723, 1725, 1734, 1735, 1737, 1739, 1740, 1744, 1746, 1751, 1752, 1762, 1763, 1765, 1767, 1768, 1781, 1791, 1792, 1793, 1796, 1799, 1809, 1813, 1814, 1815, 1816, 1817, 1818, 1819, 1822, 1825, 1826, 1827, 1830, 1831, 1834, 1835, 1855, 1857, 1858, 1864, 1865, 1871, 1874, 1875, 1952, 1953, 1967, 1977, 1978, 2009, 2011, 2012, 2023, 2024, 2027, 2030, 2032, 2038, 2039, 2041, 2053, 2054, 2056, 2058, 2069, 2070, 2081, 2082, 2083, 2088, 2096, 2097, 2101, 2104, 2105, 2106, 2107, 2109, 2113, 2114, 2115, 2116, 2119, 2120, 2121, 2132, 2133, 2138, 2142, 2143, 2149, 2154, 2155, 2160, 2163, 2166, 2168, 2174, 2175, 2179, 2189, 2190, 2192, 2198, 2199, 2200, 2201, 2202, 2204, 2205, 2207, 2208, 2214, 2216, 2217, 2220, 2225, 2227, 2228, 2233, 2238, 2247, 2248, 2252, 2256, 2257, 2270, 2272, 2273, 2276, 2277, 2294, 2296, 2297, 2302, 2305, 2306, 2312, 2313, 2315, 2316, 2319, 2320, 2326, 2327, 2336, 2338, 2339, 2345, 2348, 2412, 2413, 2426, 2427, 2445, 2446, 2449, 2450, 2451, 2452, 2456, 2461, 2463, 2464, 2466, 2473, 2474, 2475, 2476, 2479, 2480, 2511, 2516, 2517, 2530, 2531, 2543, 2545, 2546, 2551, 2552, 2554, 2555, 2561, 2562, 2564, 2565, 2569, 2570, 2571, 2572, 2573, 2575, 2588, 2593, 2594, 2595, 2596, 2601, 2612, 2615, 2617, 2618, 2619, 2621, 2624, 2625, 2627, 2629, 2630, 2631, 2632, 2633, 2634, 2635, 2637, 2638, 2647, 2649, 2650, 2651, 2652, 2653, 2654, 2657, 2663, 2664, 2667, 2670, 2671, 2672, 2675, 2678, 2680, 2681, 2682, 2683, 2684, 2685, 2688, 2689, 2691, 2699, 2706, 2713, 2716, 2718, 2719, 2720, 2721, 2722, 2725, 2726, 2728, 2735, 2741, 2744, 2820, 2827, 2828, 2829, 2830, 2833, 2834, 2835, 2837, 2851, 2852, 2856, 2977, 2982, 2983, 2987, 2988, 2989, 2991, 2992, 2995, 2998, 3000, 3003, 3004, 3006, 3007, 3010, 3011, 3013, 3016, 3018, 3021, 3022, 3023, 3024, 3026, 3027, 3028, 3030, 3031, 3032, 3033, 3035, 3036, 3038, 3054, 3060, 3062, 3063, 3064, 3065, 3067, 3068, 3069, 3070, 3071, 3072, 3074, 3075, 3076, 3077, 3079, 3082, 3083, 3084, 3085, 3086, 3088, 3089, 3092, 3095, 3096, 3099, 3100, 3101, 3102, 3103, 3105, 3106, 3107, 3110, 3111, 3117, 3118, 3121, 3122, 3125, 3126, 3129, 3142, 3145, 3146, 3152, 3153, 3154, 3156, 3193, 3226, 3227, 3248, 3250, 3251, 3262, 3265, 3266, 3268, 3269, 3270, 3271, 3272, 3274, 3283, 3294, 3295, 3296, 3302, 3303, 3304, 3305, 3307, 3308, 3309, 3311, 3312, 3318, 3319, 3321, 3323, 3324, 3327, 3333, 3335, 3345, 3350, 3351, 3352, 3353, 3364, 3375, 3402, 3508, 3511, 3520, 3521, 3528, 3529, 3536, 3538, 3541, 3542, 3562, 3564, 3565, 3576, 3579, 3580, 3582, 3583, 3584, 3585, 3586, 3587, 3596, 3597, 3598, 3606, 3621, 3623, 3624, 3630, 3633, 3636, 3726, 3727, 3729, 3731, 3740, 3748, 3749, 3750, 3751, 3759, 3769, 3770, 3775, 3777, 3778, 3783, 3784, 3786, 3787, 3792, 3793, 3794, 3795, 3796, 3800, 3801, 3802, 3803, 3804, 3806, 3807, 3815, 3827, 3828, 3829, 3830, 3831, 3832, 3833, 3834, 3835, 3836, 3840, 3841, 3842, 3847, 3852, 3858, 3859, 3860, 3861, 3866, 3872, 3873, 3882, 3884, 3885, 3890, 3891, 3893, 3894, 3900, 3901, 3904, 3905, 3906, 3908, 3909, 3910, 3911, 3916, 3918, 3923, 3924, 3925, 3926, 3931, 3937, 3938, 3947, 3949, 3950, 3951, 3952, 3953, 3955, 3956, 3958, 3960, 3971, 3972, 3973, 3974, 3976, 3977, 3978, 3979, 3980, 3982, 3983, 3990, 3991, 3992, 3993, 3994, 3995, 3999, 4001, 4004, 4005, 4007, 4019, 4020, 4021, 4023, 4024, 4026, 4028, 4030, 4031, 4033, 4038, 4045, 4046, 4059, 4100, 4101, 4107, 4109, 4110, 4111, 4112, 4114, 4115, 4117, 4119, 4124, 4158, 4159, 4160, 4163, 4164, 4165, 4166, 4167, 4170, 4171, 4172, 4173, 4174, 4175, 4177, 4178, 4180, 4185, 4190, 4191, 4192, 4193, 4198], "summary": {"covered_lines": 991, "num_statements": 1506, "percent_covered": 65.80345285524568, "percent_covered_display": "66", "missing_lines": 515, "excluded_lines": 0, "percent_statements_covered": 65.80345285524568, "percent_statements_covered_display": "66"}, "missing_lines": [48, 50, 51, 52, 54, 55, 58, 67, 68, 70, 71, 72, 74, 75, 76, 77, 83, 84, 87, 88, 89, 96, 97, 99, 102, 103, 104, 105, 106, 158, 160, 163, 178, 216, 223, 230, 237, 238, 245, 261, 263, 264, 268, 279, 280, 281, 282, 286, 287, 288, 664, 665, 839, 841, 842, 853, 856, 857, 858, 860, 862, 863, 867, 875, 876, 877, 880, 881, 882, 883, 886, 887, 889, 890, 892, 894, 899, 910, 911, 919, 940, 955, 956, 957, 970, 971, 972, 977, 978, 979, 980, 981, 982, 987, 988, 989, 1014, 1085, 1086, 1087, 1088, 1089, 1092, 1093, 1094, 1095, 1096, 1102, 1103, 1104, 1107, 1108, 1109, 1110, 1111, 1112, 1113, 1114, 1116, 1117, 1118, 1119, 1120, 1150, 1151, 1263, 1264, 1269, 1303, 1304, 1309, 1347, 1348, 1353, 1378, 1379, 1384, 1436, 1437, 1442, 1459, 1460, 1461, 1463, 1464, 1465, 1466, 1471, 1472, 1473, 1474, 1479, 1481, 1482, 1484, 1485, 1486, 1489, 1490, 1492, 1502, 1504, 1505, 1510, 1511, 1514, 1515, 1521, 1523, 1525, 1526, 1527, 1528, 1533, 1549, 1551, 1552, 1557, 1558, 1561, 1562, 1568, 1570, 1572, 1573, 1574, 1575, 1580, 1597, 1599, 1600, 1605, 1607, 1613, 1614, 1619, 1686, 1691, 1692, 1769, 1770, 1775, 1801, 1802, 1803, 1804, 1805, 1806, 1808, 1810, 1881, 1884, 1886, 1892, 1893, 1895, 1896, 1902, 1903, 1904, 1906, 1907, 1908, 1909, 1910, 1912, 1913, 1919, 1922, 1923, 1924, 1926, 1932, 1934, 1935, 1940, 1945, 1954, 1955, 1960, 2122, 2126, 2127, 2128, 2129, 2139, 2140, 2193, 2203, 2218, 2258, 2259, 2264, 2328, 2330, 2331, 2332, 2337, 2344, 2349, 2350, 2351, 2357, 2358, 2360, 2361, 2366, 2367, 2368, 2369, 2370, 2371, 2372, 2373, 2375, 2376, 2382, 2384, 2385, 2386, 2388, 2393, 2395, 2396, 2401, 2406, 2414, 2415, 2420, 2467, 2477, 2482, 2485, 2486, 2487, 2489, 2492, 2493, 2494, 2496, 2497, 2503, 2506, 2518, 2519, 2524, 2566, 2622, 2641, 2642, 2643, 2644, 2755, 2756, 2757, 2758, 2759, 2761, 2762, 2764, 2765, 2766, 2767, 2770, 2771, 2774, 2775, 2776, 2777, 2778, 2779, 2780, 2781, 2782, 2785, 2786, 2788, 2789, 2790, 2791, 2792, 2793, 2794, 2795, 2796, 2797, 2800, 2801, 2808, 2809, 2810, 2812, 2814, 2859, 2860, 2861, 2862, 2863, 2864, 2865, 2866, 2867, 2869, 2882, 2883, 2888, 2891, 2892, 2893, 2894, 2897, 2898, 2900, 2901, 2902, 2903, 2904, 2905, 2906, 2907, 2908, 2911, 2912, 2913, 2919, 2922, 2923, 2924, 2929, 2933, 2936, 2937, 2939, 2940, 2942, 2944, 2946, 2947, 2948, 2950, 2951, 2952, 2953, 2954, 2956, 2958, 2959, 2964, 2969, 2974, 2984, 2996, 3001, 3019, 3087, 3112, 3113, 3114, 3115, 3130, 3131, 3148, 3149, 3157, 3165, 3166, 3168, 3169, 3175, 3178, 3179, 3180, 3181, 3182, 3183, 3184, 3185, 3186, 3188, 3189, 3190, 3191, 3284, 3285, 3291, 3317, 3325, 3409, 3410, 3411, 3414, 3415, 3417, 3418, 3419, 3420, 3421, 3423, 3424, 3425, 3426, 3427, 3428, 3430, 3431, 3432, 3433, 3435, 3447, 3453, 3454, 3455, 3462, 3463, 3465, 3467, 3468, 3469, 3470, 3471, 3472, 3473, 3475, 3476, 3477, 3478, 3486, 3530, 3531, 3532, 3533, 3534, 3535, 3607, 3608, 3613, 3614, 3615, 3616, 3617, 3619, 3620, 3797, 3811, 3812, 3837, 3838, 4047, 4048, 4053, 4062, 4065, 4094, 4095, 4097], "excluded_lines": [], "start_line": 1}}}}, "totals": {"covered_lines": 991, "num_statements": 1506, "percent_covered": 65.80345285524568, "percent_covered_display": "66", "missing_lines": 515, "excluded_lines": 0, "percent_statements_covered": 65.80345285524568, "percent_statements_covered_display": "66"}}